2026-06-10 13:29:53,422 [trainer.py] => prefix: cic_iot23
2026-06-10 13:29:53,422 [trainer.py] => dataset: cic_iot23
2026-06-10 13:29:53,423 [trainer.py] => memory_ratio: 0.01
2026-06-10 13:29:53,423 [trainer.py] => fixed_memory: False
2026-06-10 13:29:53,423 [trainer.py] => shuffle: False
2026-06-10 13:29:53,423 [trainer.py] => init_cls: 6
2026-06-10 13:29:53,423 [trainer.py] => increment: 6
2026-06-10 13:29:53,423 [trainer.py] => model_name: der
2026-06-10 13:29:53,423 [trainer.py] => convnet_type: cnn1d
2026-06-10 13:29:53,423 [trainer.py] => device: [device(type='cuda', index=0)]
2026-06-10 13:29:53,423 [trainer.py] => seed: 42
2026-06-10 13:29:53,423 [trainer.py] => init_epoch: 30
2026-06-10 13:29:53,423 [trainer.py] => epochs: 30
2026-06-10 13:29:53,423 [trainer.py] => batch_size: 4096
2026-06-10 13:29:53,423 [trainer.py] => config: ./exps/cic_iot23_der.json
2026-06-10 13:29:53,423 [trainer.py] => mode: train
2026-06-10 13:29:53,423 [trainer.py] => test_checkpoint_dir: 
2026-06-10 13:29:53,423 [trainer.py] => debug: False
2026-06-10 13:29:53,423 [trainer.py] => resume: 
2026-06-10 13:29:53,424 [trainer.py] => num_clients: 10
2026-06-10 13:29:53,424 [trainer.py] => num_rounds: 30
2026-06-10 13:29:53,424 [trainer.py] => local_epochs: 1
2026-06-10 13:29:53,424 [trainer.py] => Run directory: logs/der_federated/cic_iot23/10-06-26_13-29_seed42_cnn1d_clients10
2026-06-10 13:29:53,424 [trainer.py] => Initializing DataManagers for 10 clients...
2026-06-10 13:30:07,002 [data_manager.py] => [0, 1, 2, 3, 4, 5, 6, 7, 8, 9, 10, 11, 12, 13, 14, 15, 16, 17, 18, 19, 20, 21, 22, 23, 24, 25, 26, 27, 28, 29, 30, 31, 32, 33]
2026-06-10 13:30:28,241 [data_manager.py] => [0, 1, 2, 3, 4, 5, 6, 7, 8, 9, 10, 11, 12, 13, 14, 15, 16, 17, 18, 19, 20, 21, 22, 23, 24, 25, 26, 27, 28, 29, 30, 31, 32, 33]
2026-06-10 13:30:47,805 [data_manager.py] => [0, 1, 2, 3, 4, 5, 6, 7, 8, 9, 10, 11, 12, 13, 14, 15, 16, 17, 18, 19, 20, 21, 22, 23, 24, 25, 26, 27, 28, 29, 30, 31, 32, 33]
2026-06-10 13:31:07,711 [data_manager.py] => [0, 1, 2, 3, 4, 5, 6, 7, 8, 9, 10, 11, 12, 13, 14, 15, 16, 17, 18, 19, 20, 21, 22, 23, 24, 25, 26, 27, 28, 29, 30, 31, 32, 33]
2026-06-10 13:31:28,308 [data_manager.py] => [0, 1, 2, 3, 4, 5, 6, 7, 8, 9, 10, 11, 12, 13, 14, 15, 16, 17, 18, 19, 20, 21, 22, 23, 24, 25, 26, 27, 28, 29, 30, 31, 32, 33]
2026-06-10 13:31:50,313 [data_manager.py] => [0, 1, 2, 3, 4, 5, 6, 7, 8, 9, 10, 11, 12, 13, 14, 15, 16, 17, 18, 19, 20, 21, 22, 23, 24, 25, 26, 27, 28, 29, 30, 31, 32, 33]
2026-06-10 13:32:09,546 [data_manager.py] => [0, 1, 2, 3, 4, 5, 6, 7, 8, 9, 10, 11, 12, 13, 14, 15, 16, 17, 18, 19, 20, 21, 22, 23, 24, 25, 26, 27, 28, 29, 30, 31, 32, 33]
2026-06-10 13:32:29,354 [data_manager.py] => [0, 1, 2, 3, 4, 5, 6, 7, 8, 9, 10, 11, 12, 13, 14, 15, 16, 17, 18, 19, 20, 21, 22, 23, 24, 25, 26, 27, 28, 29, 30, 31, 32, 33]
2026-06-10 13:32:47,878 [data_manager.py] => [0, 1, 2, 3, 4, 5, 6, 7, 8, 9, 10, 11, 12, 13, 14, 15, 16, 17, 18, 19, 20, 21, 22, 23, 24, 25, 26, 27, 28, 29, 30, 31, 32, 33]
2026-06-10 13:33:04,456 [data_manager.py] => [0, 1, 2, 3, 4, 5, 6, 7, 8, 9, 10, 11, 12, 13, 14, 15, 16, 17, 18, 19, 20, 21, 22, 23, 24, 25, 26, 27, 28, 29, 30, 31, 32, 33]
2026-06-10 13:33:17,195 [der.py] => Learning on 0-6
2026-06-10 13:33:17,368 [der.py] => Skipping training for task 0
2026-06-10 13:33:17,369 [base.py] => Reducing exemplars...(833 per classes)
2026-06-10 13:33:17,369 [base.py] => Constructing exemplars...(833 per classes)
2026-06-10 13:33:57,385 [der.py] => Could not build rehearsal memory for skipped task 0: axis 1 is out of bounds for array of dimension 1
2026-06-10 13:33:57,388 [der.py] => Learning on 0-6
2026-06-10 13:33:57,576 [der.py] => Skipping training for task 0
2026-06-10 13:33:57,576 [der.py] => [RESUME] skipping rehearsal memory generation for task 0
2026-06-10 13:33:57,636 [der.py] => Learning on 0-6
2026-06-10 13:33:57,807 [der.py] => Skipping training for task 0
2026-06-10 13:33:57,807 [der.py] => [RESUME] skipping rehearsal memory generation for task 0
2026-06-10 13:33:57,831 [der.py] => Learning on 0-6
2026-06-10 13:33:58,022 [der.py] => Skipping training for task 0
2026-06-10 13:33:58,022 [der.py] => [RESUME] skipping rehearsal memory generation for task 0
2026-06-10 13:33:58,059 [der.py] => Learning on 0-6
2026-06-10 13:33:58,230 [der.py] => Skipping training for task 0
2026-06-10 13:33:58,230 [der.py] => [RESUME] skipping rehearsal memory generation for task 0
2026-06-10 13:33:58,305 [der.py] => Learning on 0-6
2026-06-10 13:33:58,474 [der.py] => Skipping training for task 0
2026-06-10 13:33:58,474 [der.py] => [RESUME] skipping rehearsal memory generation for task 0
2026-06-10 13:33:58,528 [der.py] => Learning on 0-6
2026-06-10 13:33:58,695 [der.py] => Skipping training for task 0
2026-06-10 13:33:58,695 [der.py] => [RESUME] skipping rehearsal memory generation for task 0
2026-06-10 13:33:58,738 [der.py] => Learning on 0-6
2026-06-10 13:33:58,909 [der.py] => Skipping training for task 0
2026-06-10 13:33:58,909 [der.py] => [RESUME] skipping rehearsal memory generation for task 0
2026-06-10 13:33:58,933 [der.py] => Learning on 0-6
2026-06-10 13:33:59,102 [der.py] => Skipping training for task 0
2026-06-10 13:33:59,102 [der.py] => [RESUME] skipping rehearsal memory generation for task 0
2026-06-10 13:33:59,121 [der.py] => Learning on 0-6
2026-06-10 13:33:59,290 [der.py] => Skipping training for task 0
2026-06-10 13:33:59,291 [der.py] => [RESUME] skipping rehearsal memory generation for task 0
2026-06-10 13:33:59,297 [der.py] => Learning on 0-6
2026-06-10 13:33:59,463 [der.py] => Skipping training for task 0
2026-06-10 13:33:59,463 [der.py] => [RESUME] skipping rehearsal memory generation for task 0
2026-06-10 13:33:59,464 [trainer.py] => ========== Bắt đầu Task 0 ==========
2026-06-10 13:33:59,464 [trainer.py] => --- Task 0 | Round 1/30 (Global 1) ---
2026-06-10 13:34:09,590 [der.py] => Task 0, Epoch 1/1 => Loss 0.149, Train_accy 97.40
2026-06-10 13:34:09,653 [der.py] => Task 0, Epoch 1/1 => Loss 5.226, Train_accy 86.90
2026-06-10 13:34:40,409 [der.py] => Task 0, Epoch 1/1 => Loss 0.138, Train_accy 98.87
2026-06-10 13:35:28,028 [der.py] => Task 0, Epoch 1/1 => Loss 0.052, Train_accy 99.44
2026-06-10 13:35:28,195 [der.py] => Task 0, Epoch 1/1 => Loss 4.434, Train_accy 73.79
2026-06-10 13:36:40,094 [trainer.py] => [Task 0 | Round 1] Acc: 94.58% | F1-Mac: 30.15% | Loss: 1.5275
2026-06-10 13:36:40,098 [trainer.py] => --- Task 0 | Round 2/30 (Global 2) ---
2026-06-10 13:36:49,426 [der.py] => Task 0, Epoch 1/1 => Loss 0.022, Train_accy 99.74
2026-06-10 13:36:49,487 [der.py] => Task 0, Epoch 1/1 => Loss 5.531, Train_accy 53.77
2026-06-10 13:37:20,018 [der.py] => Task 0, Epoch 1/1 => Loss 0.018, Train_accy 99.92
2026-06-10 13:38:07,471 [der.py] => Task 0, Epoch 1/1 => Loss 0.004, Train_accy 99.97
2026-06-10 13:38:07,636 [der.py] => Task 0, Epoch 1/1 => Loss 4.707, Train_accy 61.55
2026-06-10 13:39:18,213 [trainer.py] => [Task 0 | Round 2] Acc: 99.19% | F1-Mac: 43.86% | Loss: 1.0043
2026-06-10 13:39:18,217 [trainer.py] => --- Task 0 | Round 3/30 (Global 3) ---
2026-06-10 13:39:27,763 [der.py] => Task 0, Epoch 1/1 => Loss 0.009, Train_accy 99.92
2026-06-10 13:39:27,826 [der.py] => Task 0, Epoch 1/1 => Loss 7.226, Train_accy 8.38
2026-06-10 13:39:58,678 [der.py] => Task 0, Epoch 1/1 => Loss 0.004, Train_accy 99.95
2026-06-10 13:40:45,981 [der.py] => Task 0, Epoch 1/1 => Loss 0.002, Train_accy 99.98
2026-06-10 13:40:46,144 [der.py] => Task 0, Epoch 1/1 => Loss 6.046, Train_accy 36.16
2026-06-10 13:41:56,329 [trainer.py] => [Task 0 | Round 3] Acc: 99.63% | F1-Mac: 51.49% | Loss: 0.3702
2026-06-10 13:41:56,332 [trainer.py] => --- Task 0 | Round 4/30 (Global 4) ---
2026-06-10 13:42:05,734 [der.py] => Task 0, Epoch 1/1 => Loss 0.009, Train_accy 99.90
2026-06-10 13:42:05,953 [der.py] => Task 0, Epoch 1/1 => Loss 9.190, Train_accy 0.22
2026-06-10 13:42:36,591 [der.py] => Task 0, Epoch 1/1 => Loss 0.003, Train_accy 99.95
2026-06-10 13:43:23,961 [der.py] => Task 0, Epoch 1/1 => Loss 0.002, Train_accy 99.98
2026-06-10 13:43:24,278 [der.py] => Task 0, Epoch 1/1 => Loss 7.668, Train_accy 15.74
2026-06-10 13:44:34,159 [trainer.py] => [Task 0 | Round 4] Acc: 99.64% | F1-Mac: 47.66% | Loss: 0.1284
2026-06-10 13:44:34,163 [trainer.py] => --- Task 0 | Round 5/30 (Global 5) ---
2026-06-10 13:44:43,755 [der.py] => Task 0, Epoch 1/1 => Loss 0.008, Train_accy 99.88
2026-06-10 13:44:43,821 [der.py] => Task 0, Epoch 1/1 => Loss 10.351, Train_accy 0.00
2026-06-10 13:45:14,492 [der.py] => Task 0, Epoch 1/1 => Loss 0.002, Train_accy 99.96
2026-06-10 13:46:01,959 [der.py] => Task 0, Epoch 1/1 => Loss 0.002, Train_accy 99.98
2026-06-10 13:46:02,122 [der.py] => Task 0, Epoch 1/1 => Loss 8.739, Train_accy 4.54
2026-06-10 13:47:12,630 [trainer.py] => [Task 0 | Round 5] Acc: 99.64% | F1-Mac: 46.52% | Loss: 0.0637
2026-06-10 13:47:12,634 [trainer.py] => --- Task 0 | Round 6/30 (Global 6) ---
2026-06-10 13:47:22,297 [der.py] => Task 0, Epoch 1/1 => Loss 0.008, Train_accy 99.92
2026-06-10 13:47:22,360 [der.py] => Task 0, Epoch 1/1 => Loss 11.332, Train_accy 0.00
2026-06-10 13:47:54,552 [der.py] => Task 0, Epoch 1/1 => Loss 0.002, Train_accy 99.96
2026-06-10 13:48:43,372 [der.py] => Task 0, Epoch 1/1 => Loss 0.002, Train_accy 99.98
2026-06-10 13:48:43,539 [der.py] => Task 0, Epoch 1/1 => Loss 9.471, Train_accy 2.41
2026-06-10 13:49:55,134 [trainer.py] => [Task 0 | Round 6] Acc: 99.64% | F1-Mac: 46.37% | Loss: 0.0682
2026-06-10 13:49:55,138 [trainer.py] => --- Task 0 | Round 7/30 (Global 7) ---
2026-06-10 13:50:04,693 [der.py] => Task 0, Epoch 1/1 => Loss 0.008, Train_accy 99.92
2026-06-10 13:50:04,755 [der.py] => Task 0, Epoch 1/1 => Loss 12.020, Train_accy 0.00
2026-06-10 13:50:35,434 [der.py] => Task 0, Epoch 1/1 => Loss 0.002, Train_accy 99.96
2026-06-10 13:51:23,132 [der.py] => Task 0, Epoch 1/1 => Loss 0.002, Train_accy 99.98
2026-06-10 13:51:23,292 [der.py] => Task 0, Epoch 1/1 => Loss 9.856, Train_accy 1.55
2026-06-10 13:52:33,044 [trainer.py] => [Task 0 | Round 7] Acc: 99.64% | F1-Mac: 46.30% | Loss: 0.0585
2026-06-10 13:52:33,048 [trainer.py] => --- Task 0 | Round 8/30 (Global 8) ---
2026-06-10 13:52:42,307 [der.py] => Task 0, Epoch 1/1 => Loss 0.008, Train_accy 99.95
2026-06-10 13:52:42,523 [der.py] => Task 0, Epoch 1/1 => Loss 12.692, Train_accy 0.00
2026-06-10 13:53:12,983 [der.py] => Task 0, Epoch 1/1 => Loss 0.002, Train_accy 99.96
2026-06-10 13:54:00,277 [der.py] => Task 0, Epoch 1/1 => Loss 0.002, Train_accy 99.98
2026-06-10 13:54:00,598 [der.py] => Task 0, Epoch 1/1 => Loss 10.336, Train_accy 0.28
2026-06-10 13:55:11,659 [trainer.py] => [Task 0 | Round 8] Acc: 99.64% | F1-Mac: 46.26% | Loss: 0.0671
2026-06-10 13:55:11,663 [trainer.py] => --- Task 0 | Round 9/30 (Global 9) ---
2026-06-10 13:55:21,491 [der.py] => Task 0, Epoch 1/1 => Loss 0.006, Train_accy 99.97
2026-06-10 13:55:21,556 [der.py] => Task 0, Epoch 1/1 => Loss 12.314, Train_accy 0.00
2026-06-10 13:55:53,339 [der.py] => Task 0, Epoch 1/1 => Loss 0.002, Train_accy 99.96
2026-06-10 13:56:42,914 [der.py] => Task 0, Epoch 1/1 => Loss 0.002, Train_accy 99.98
2026-06-10 13:56:43,076 [der.py] => Task 0, Epoch 1/1 => Loss 9.979, Train_accy 0.00
2026-06-10 13:57:55,748 [trainer.py] => [Task 0 | Round 9] Acc: 99.65% | F1-Mac: 46.21% | Loss: 0.0546
2026-06-10 13:57:55,752 [trainer.py] => --- Task 0 | Round 10/30 (Global 10) ---
2026-06-10 13:58:05,253 [der.py] => Task 0, Epoch 1/1 => Loss 0.005, Train_accy 99.98
2026-06-10 13:58:05,315 [der.py] => Task 0, Epoch 1/1 => Loss 11.666, Train_accy 0.00
2026-06-10 13:58:36,703 [der.py] => Task 0, Epoch 1/1 => Loss 0.002, Train_accy 99.96
2026-06-10 13:59:25,480 [der.py] => Task 0, Epoch 1/1 => Loss 0.002, Train_accy 99.98
2026-06-10 13:59:25,641 [der.py] => Task 0, Epoch 1/1 => Loss 9.564, Train_accy 0.00
2026-06-10 14:00:37,676 [trainer.py] => [Task 0 | Round 10] Acc: 99.64% | F1-Mac: 45.78% | Loss: 0.0805
2026-06-10 14:00:37,686 [trainer.py] => --- Task 0 | Round 11/30 (Global 11) ---
2026-06-10 14:00:47,654 [der.py] => Task 0, Epoch 1/1 => Loss 0.006, Train_accy 99.98
2026-06-10 14:00:47,721 [der.py] => Task 0, Epoch 1/1 => Loss 10.763, Train_accy 0.00
2026-06-10 14:01:19,949 [der.py] => Task 0, Epoch 1/1 => Loss 0.002, Train_accy 99.96
2026-06-10 14:02:08,686 [der.py] => Task 0, Epoch 1/1 => Loss 0.002, Train_accy 99.98
2026-06-10 14:02:08,851 [der.py] => Task 0, Epoch 1/1 => Loss 9.071, Train_accy 0.00
2026-06-10 14:03:20,856 [trainer.py] => [Task 0 | Round 11] Acc: 99.64% | F1-Mac: 45.56% | Loss: 0.0781
2026-06-10 14:03:20,861 [trainer.py] => --- Task 0 | Round 12/30 (Global 12) ---
2026-06-10 14:03:30,422 [der.py] => Task 0, Epoch 1/1 => Loss 0.008, Train_accy 99.98
2026-06-10 14:03:30,648 [der.py] => Task 0, Epoch 1/1 => Loss 10.788, Train_accy 0.00
2026-06-10 14:04:01,768 [der.py] => Task 0, Epoch 1/1 => Loss 0.002, Train_accy 99.96
2026-06-10 14:04:50,124 [der.py] => Task 0, Epoch 1/1 => Loss 0.002, Train_accy 99.98
2026-06-10 14:04:50,452 [der.py] => Task 0, Epoch 1/1 => Loss 9.249, Train_accy 0.00
2026-06-10 14:06:02,176 [trainer.py] => [Task 0 | Round 12] Acc: 99.64% | F1-Mac: 45.61% | Loss: 0.0707
2026-06-10 14:06:02,180 [trainer.py] => --- Task 0 | Round 13/30 (Global 13) ---
2026-06-10 14:06:11,891 [der.py] => Task 0, Epoch 1/1 => Loss 0.009, Train_accy 99.97
2026-06-10 14:06:11,957 [der.py] => Task 0, Epoch 1/1 => Loss 10.126, Train_accy 0.00
2026-06-10 14:06:43,258 [der.py] => Task 0, Epoch 1/1 => Loss 0.002, Train_accy 99.96
2026-06-10 14:07:31,679 [der.py] => Task 0, Epoch 1/1 => Loss 0.002, Train_accy 99.98
2026-06-10 14:07:31,851 [der.py] => Task 0, Epoch 1/1 => Loss 8.923, Train_accy 0.00
2026-06-10 14:08:46,919 [trainer.py] => [Task 0 | Round 13] Acc: 99.64% | F1-Mac: 45.52% | Loss: 0.1188
2026-06-10 14:08:46,923 [trainer.py] => --- Task 0 | Round 14/30 (Global 14) ---
2026-06-10 14:08:56,479 [der.py] => Task 0, Epoch 1/1 => Loss 0.011, Train_accy 99.98
2026-06-10 14:08:56,548 [der.py] => Task 0, Epoch 1/1 => Loss 10.072, Train_accy 0.00
2026-06-10 14:09:29,115 [der.py] => Task 0, Epoch 1/1 => Loss 0.002, Train_accy 99.96
2026-06-10 14:10:20,292 [der.py] => Task 0, Epoch 1/1 => Loss 0.002, Train_accy 99.98
2026-06-10 14:10:20,469 [der.py] => Task 0, Epoch 1/1 => Loss 8.808, Train_accy 0.00
2026-06-10 14:11:35,040 [trainer.py] => [Task 0 | Round 14] Acc: 99.64% | F1-Mac: 45.64% | Loss: 0.1123
2026-06-10 14:11:35,043 [trainer.py] => --- Task 0 | Round 15/30 (Global 15) ---
2026-06-10 14:11:44,664 [der.py] => Task 0, Epoch 1/1 => Loss 0.015, Train_accy 99.97
2026-06-10 14:11:44,728 [der.py] => Task 0, Epoch 1/1 => Loss 9.650, Train_accy 0.00
2026-06-10 14:12:15,604 [der.py] => Task 0, Epoch 1/1 => Loss 0.002, Train_accy 99.96
2026-06-10 14:13:03,864 [der.py] => Task 0, Epoch 1/1 => Loss 0.002, Train_accy 99.98
2026-06-10 14:13:04,035 [der.py] => Task 0, Epoch 1/1 => Loss 8.503, Train_accy 0.00
2026-06-10 14:14:15,188 [trainer.py] => [Task 0 | Round 15] Acc: 99.64% | F1-Mac: 45.71% | Loss: 0.1373
2026-06-10 14:14:15,192 [trainer.py] => --- Task 0 | Round 16/30 (Global 16) ---
2026-06-10 14:14:24,596 [der.py] => Task 0, Epoch 1/1 => Loss 0.016, Train_accy 99.97
2026-06-10 14:14:24,818 [der.py] => Task 0, Epoch 1/1 => Loss 8.947, Train_accy 0.00
2026-06-10 14:14:55,664 [der.py] => Task 0, Epoch 1/1 => Loss 0.002, Train_accy 99.96
2026-06-10 14:15:43,502 [der.py] => Task 0, Epoch 1/1 => Loss 0.002, Train_accy 99.98
2026-06-10 14:15:43,839 [der.py] => Task 0, Epoch 1/1 => Loss 7.531, Train_accy 0.00
2026-06-10 14:16:55,147 [trainer.py] => [Task 0 | Round 16] Acc: 99.64% | F1-Mac: 46.00% | Loss: 0.1196
2026-06-10 14:16:55,151 [trainer.py] => --- Task 0 | Round 17/30 (Global 17) ---
2026-06-10 14:17:04,979 [der.py] => Task 0, Epoch 1/1 => Loss 0.017, Train_accy 99.98
2026-06-10 14:17:05,043 [der.py] => Task 0, Epoch 1/1 => Loss 8.718, Train_accy 0.00
2026-06-10 14:17:35,785 [der.py] => Task 0, Epoch 1/1 => Loss 0.002, Train_accy 99.96
2026-06-10 14:18:23,139 [der.py] => Task 0, Epoch 1/1 => Loss 0.002, Train_accy 99.98
2026-06-10 14:18:23,302 [der.py] => Task 0, Epoch 1/1 => Loss 7.240, Train_accy 0.00
2026-06-10 14:19:33,338 [trainer.py] => [Task 0 | Round 17] Acc: 99.65% | F1-Mac: 45.96% | Loss: 0.1038
2026-06-10 14:19:33,342 [trainer.py] => --- Task 0 | Round 18/30 (Global 18) ---
2026-06-10 14:19:42,650 [der.py] => Task 0, Epoch 1/1 => Loss 0.017, Train_accy 99.97
2026-06-10 14:19:42,712 [der.py] => Task 0, Epoch 1/1 => Loss 9.148, Train_accy 0.00
2026-06-10 14:20:13,415 [der.py] => Task 0, Epoch 1/1 => Loss 0.002, Train_accy 99.96
2026-06-10 14:21:00,971 [der.py] => Task 0, Epoch 1/1 => Loss 0.002, Train_accy 99.98
2026-06-10 14:21:01,135 [der.py] => Task 0, Epoch 1/1 => Loss 7.340, Train_accy 0.00
2026-06-10 14:22:11,366 [trainer.py] => [Task 0 | Round 18] Acc: 99.65% | F1-Mac: 46.13% | Loss: 0.1336
2026-06-10 14:22:11,370 [trainer.py] => --- Task 0 | Round 19/30 (Global 19) ---
2026-06-10 14:22:20,850 [der.py] => Task 0, Epoch 1/1 => Loss 0.023, Train_accy 99.97
2026-06-10 14:22:20,912 [der.py] => Task 0, Epoch 1/1 => Loss 8.165, Train_accy 0.00
2026-06-10 14:22:51,327 [der.py] => Task 0, Epoch 1/1 => Loss 0.002, Train_accy 99.96
2026-06-10 14:23:38,800 [der.py] => Task 0, Epoch 1/1 => Loss 0.002, Train_accy 99.98
2026-06-10 14:23:38,961 [der.py] => Task 0, Epoch 1/1 => Loss 6.811, Train_accy 0.00
2026-06-10 14:24:48,938 [trainer.py] => [Task 0 | Round 19] Acc: 99.65% | F1-Mac: 45.90% | Loss: 0.0886
2026-06-10 14:24:48,942 [trainer.py] => --- Task 0 | Round 20/30 (Global 20) ---
2026-06-10 14:24:58,271 [der.py] => Task 0, Epoch 1/1 => Loss 0.018, Train_accy 99.97
2026-06-10 14:24:58,494 [der.py] => Task 0, Epoch 1/1 => Loss 8.828, Train_accy 0.00
2026-06-10 14:25:28,933 [der.py] => Task 0, Epoch 1/1 => Loss 0.002, Train_accy 99.96
2026-06-10 14:26:16,159 [der.py] => Task 0, Epoch 1/1 => Loss 0.002, Train_accy 99.98
2026-06-10 14:26:16,479 [der.py] => Task 0, Epoch 1/1 => Loss 7.340, Train_accy 0.00
2026-06-10 14:27:26,903 [trainer.py] => [Task 0 | Round 20] Acc: 99.65% | F1-Mac: 46.19% | Loss: 0.1364
2026-06-10 14:27:26,907 [trainer.py] => --- Task 0 | Round 21/30 (Global 21) ---
2026-06-10 14:27:36,775 [der.py] => Task 0, Epoch 1/1 => Loss 0.015, Train_accy 99.97
2026-06-10 14:27:36,837 [der.py] => Task 0, Epoch 1/1 => Loss 7.880, Train_accy 0.00
2026-06-10 14:28:07,501 [der.py] => Task 0, Epoch 1/1 => Loss 0.002, Train_accy 99.96
2026-06-10 14:28:54,597 [der.py] => Task 0, Epoch 1/1 => Loss 0.002, Train_accy 99.98
2026-06-10 14:28:54,759 [der.py] => Task 0, Epoch 1/1 => Loss 6.936, Train_accy 0.00
2026-06-10 14:30:04,770 [trainer.py] => [Task 0 | Round 21] Acc: 99.65% | F1-Mac: 46.13% | Loss: 0.0879
2026-06-10 14:30:04,774 [trainer.py] => --- Task 0 | Round 22/30 (Global 22) ---
2026-06-10 14:30:14,098 [der.py] => Task 0, Epoch 1/1 => Loss 0.014, Train_accy 99.98
2026-06-10 14:30:14,159 [der.py] => Task 0, Epoch 1/1 => Loss 7.888, Train_accy 0.00
2026-06-10 14:30:44,788 [der.py] => Task 0, Epoch 1/1 => Loss 0.002, Train_accy 99.96
2026-06-10 14:31:32,012 [der.py] => Task 0, Epoch 1/1 => Loss 0.002, Train_accy 99.98
2026-06-10 14:31:32,179 [der.py] => Task 0, Epoch 1/1 => Loss 7.117, Train_accy 0.00
2026-06-10 14:32:42,122 [trainer.py] => [Task 0 | Round 22] Acc: 99.65% | F1-Mac: 46.29% | Loss: 0.0777
2026-06-10 14:32:42,126 [trainer.py] => --- Task 0 | Round 23/30 (Global 23) ---
2026-06-10 14:32:51,655 [der.py] => Task 0, Epoch 1/1 => Loss 0.017, Train_accy 99.97
2026-06-10 14:32:51,718 [der.py] => Task 0, Epoch 1/1 => Loss 9.538, Train_accy 0.00
2026-06-10 14:33:22,113 [der.py] => Task 0, Epoch 1/1 => Loss 0.002, Train_accy 99.96
2026-06-10 14:34:09,590 [der.py] => Task 0, Epoch 1/1 => Loss 0.002, Train_accy 99.98
2026-06-10 14:34:09,754 [der.py] => Task 0, Epoch 1/1 => Loss 7.746, Train_accy 0.00
2026-06-10 14:35:19,559 [trainer.py] => [Task 0 | Round 23] Acc: 99.65% | F1-Mac: 46.60% | Loss: 0.0808
2026-06-10 14:35:19,564 [trainer.py] => --- Task 0 | Round 24/30 (Global 24) ---
2026-06-10 14:35:28,882 [der.py] => Task 0, Epoch 1/1 => Loss 0.020, Train_accy 99.97
2026-06-10 14:35:29,105 [der.py] => Task 0, Epoch 1/1 => Loss 8.023, Train_accy 0.00
2026-06-10 14:35:59,567 [der.py] => Task 0, Epoch 1/1 => Loss 0.002, Train_accy 99.96
2026-06-10 14:36:46,927 [der.py] => Task 0, Epoch 1/1 => Loss 0.002, Train_accy 99.98
2026-06-10 14:36:47,249 [der.py] => Task 0, Epoch 1/1 => Loss 6.969, Train_accy 0.00
2026-06-10 14:37:56,797 [trainer.py] => [Task 0 | Round 24] Acc: 99.65% | F1-Mac: 46.22% | Loss: 0.0969
2026-06-10 14:37:56,801 [trainer.py] => --- Task 0 | Round 25/30 (Global 25) ---
2026-06-10 14:38:06,243 [der.py] => Task 0, Epoch 1/1 => Loss 0.021, Train_accy 99.96
2026-06-10 14:38:06,304 [der.py] => Task 0, Epoch 1/1 => Loss 9.306, Train_accy 0.00
2026-06-10 14:38:37,013 [der.py] => Task 0, Epoch 1/1 => Loss 0.002, Train_accy 99.96
2026-06-10 14:39:24,218 [der.py] => Task 0, Epoch 1/1 => Loss 0.002, Train_accy 99.98
2026-06-10 14:39:24,396 [der.py] => Task 0, Epoch 1/1 => Loss 7.743, Train_accy 0.00
2026-06-10 14:40:34,307 [trainer.py] => [Task 0 | Round 25] Acc: 99.64% | F1-Mac: 46.28% | Loss: 0.0848
2026-06-10 14:40:34,311 [trainer.py] => --- Task 0 | Round 26/30 (Global 26) ---
2026-06-10 14:40:43,660 [der.py] => Task 0, Epoch 1/1 => Loss 0.024, Train_accy 99.96
2026-06-10 14:40:43,725 [der.py] => Task 0, Epoch 1/1 => Loss 10.664, Train_accy 0.00
2026-06-10 14:41:14,320 [der.py] => Task 0, Epoch 1/1 => Loss 0.002, Train_accy 99.96
2026-06-10 14:42:01,805 [der.py] => Task 0, Epoch 1/1 => Loss 0.002, Train_accy 99.98
2026-06-10 14:42:01,966 [der.py] => Task 0, Epoch 1/1 => Loss 8.108, Train_accy 0.00
2026-06-10 14:43:11,674 [trainer.py] => [Task 0 | Round 26] Acc: 99.65% | F1-Mac: 46.29% | Loss: 0.0852
2026-06-10 14:43:11,679 [trainer.py] => --- Task 0 | Round 27/30 (Global 27) ---
2026-06-10 14:43:21,152 [der.py] => Task 0, Epoch 1/1 => Loss 0.025, Train_accy 99.95
2026-06-10 14:43:21,214 [der.py] => Task 0, Epoch 1/1 => Loss 9.507, Train_accy 0.00
2026-06-10 14:43:51,762 [der.py] => Task 0, Epoch 1/1 => Loss 0.002, Train_accy 99.96
2026-06-10 14:44:39,453 [der.py] => Task 0, Epoch 1/1 => Loss 0.002, Train_accy 99.98
2026-06-10 14:44:39,616 [der.py] => Task 0, Epoch 1/1 => Loss 7.545, Train_accy 0.00
2026-06-10 14:45:49,650 [trainer.py] => [Task 0 | Round 27] Acc: 99.65% | F1-Mac: 46.34% | Loss: 0.0775
2026-06-10 14:45:49,654 [trainer.py] => --- Task 0 | Round 28/30 (Global 28) ---
2026-06-10 14:45:59,018 [der.py] => Task 0, Epoch 1/1 => Loss 0.021, Train_accy 99.97
2026-06-10 14:45:59,246 [der.py] => Task 0, Epoch 1/1 => Loss 9.768, Train_accy 0.00
2026-06-10 14:46:29,812 [der.py] => Task 0, Epoch 1/1 => Loss 0.002, Train_accy 99.96
2026-06-10 14:47:17,188 [der.py] => Task 0, Epoch 1/1 => Loss 0.002, Train_accy 99.98
2026-06-10 14:47:17,513 [der.py] => Task 0, Epoch 1/1 => Loss 7.701, Train_accy 0.00
2026-06-10 14:48:27,467 [trainer.py] => [Task 0 | Round 28] Acc: 99.65% | F1-Mac: 46.46% | Loss: 0.0682
2026-06-10 14:48:27,471 [trainer.py] => --- Task 0 | Round 29/30 (Global 29) ---
2026-06-10 14:48:36,965 [der.py] => Task 0, Epoch 1/1 => Loss 0.018, Train_accy 99.97
2026-06-10 14:48:37,026 [der.py] => Task 0, Epoch 1/1 => Loss 9.786, Train_accy 0.00
2026-06-10 14:49:07,763 [der.py] => Task 0, Epoch 1/1 => Loss 0.002, Train_accy 99.96
2026-06-10 14:49:54,953 [der.py] => Task 0, Epoch 1/1 => Loss 0.002, Train_accy 99.98
2026-06-10 14:49:55,117 [der.py] => Task 0, Epoch 1/1 => Loss 7.721, Train_accy 0.00
2026-06-10 14:51:04,702 [trainer.py] => [Task 0 | Round 29] Acc: 99.65% | F1-Mac: 46.31% | Loss: 0.0613
2026-06-10 14:51:04,706 [trainer.py] => --- Task 0 | Round 30/30 (Global 30) ---
2026-06-10 14:51:14,029 [der.py] => Task 0, Epoch 1/1 => Loss 0.016, Train_accy 99.97
2026-06-10 14:51:14,092 [der.py] => Task 0, Epoch 1/1 => Loss 9.997, Train_accy 0.00
2026-06-10 14:51:44,693 [der.py] => Task 0, Epoch 1/1 => Loss 0.002, Train_accy 99.96
2026-06-10 14:52:32,172 [der.py] => Task 0, Epoch 1/1 => Loss 0.002, Train_accy 99.98
2026-06-10 14:52:32,334 [der.py] => Task 0, Epoch 1/1 => Loss 7.961, Train_accy 0.00
2026-06-10 14:53:42,035 [trainer.py] => [Task 0 | Round 30] Acc: 99.65% | F1-Mac: 46.31% | Loss: 0.0651
2026-06-10 14:53:42,634 [trainer.py] => [TEST] Da luu Confusion Matrix tai: logs/der_federated/cic_iot23/10-06-26_13-29_seed42_cnn1d_clients10/confusion_matrix_task_00.png
2026-06-10 14:53:42,638 [trainer.py] => Xây dựng Rehearsal Memory cho các Clients tại cuối Task 0...
2026-06-10 14:53:42,640 [base.py] => Reducing exemplars...(833 per classes)
2026-06-10 14:53:42,640 [base.py] => Constructing exemplars...(833 per classes)
2026-06-10 14:54:21,846 [trainer.py] => Lỗi khi build memory cho client 0: axis 1 is out of bounds for array of dimension 1
2026-06-10 14:54:21,846 [der.py] => Exemplar size: 6305
2026-06-10 14:54:21,849 [base.py] => Reducing exemplars...(833 per classes)
2026-06-10 14:54:21,849 [base.py] => Constructing exemplars...(833 per classes)
2026-06-10 14:54:21,855 [trainer.py] => Lỗi khi build memory cho client 1: axis 1 is out of bounds for array of dimension 1
2026-06-10 14:54:21,855 [der.py] => Exemplar size: 0
2026-06-10 14:54:21,857 [base.py] => Reducing exemplars...(833 per classes)
2026-06-10 14:54:21,857 [base.py] => Constructing exemplars...(833 per classes)
2026-06-10 14:54:21,864 [trainer.py] => Lỗi khi build memory cho client 2: axis 1 is out of bounds for array of dimension 1
2026-06-10 14:54:21,864 [der.py] => Exemplar size: 0
2026-06-10 14:54:21,866 [base.py] => Reducing exemplars...(833 per classes)
2026-06-10 14:54:21,866 [base.py] => Constructing exemplars...(833 per classes)
2026-06-10 15:10:56,767 [trainer.py] => Lỗi khi build memory cho client 3: axis 1 is out of bounds for array of dimension 1
2026-06-10 15:10:56,768 [der.py] => Exemplar size: 31517
2026-06-10 15:10:56,770 [base.py] => Reducing exemplars...(833 per classes)
2026-06-10 15:10:56,770 [base.py] => Constructing exemplars...(833 per classes)
2026-06-10 15:10:56,781 [trainer.py] => Lỗi khi build memory cho client 4: axis 1 is out of bounds for array of dimension 1
2026-06-10 15:10:56,781 [der.py] => Exemplar size: 0
2026-06-10 15:10:56,781 [der.py] => Exemplar size: 0
2026-06-10 15:10:56,781 [der.py] => Exemplar size: 0
2026-06-10 15:10:56,781 [der.py] => Exemplar size: 0
2026-06-10 15:10:56,781 [der.py] => Exemplar size: 0
2026-06-10 15:10:56,781 [der.py] => Exemplar size: 0
2026-06-10 15:10:56,781 [der.py] => Exemplar size: 6305
2026-06-10 15:10:56,787 [der.py] => Learning on 6-12
2026-06-10 15:10:57,152 [der.py] => Skipping training for task 1
2026-06-10 15:10:57,152 [base.py] => Reducing exemplars...(416 per classes)
2026-06-10 15:10:57,475 [base.py] => Constructing exemplars...(416 per classes)
2026-06-10 15:10:57,484 [der.py] => Could not build rehearsal memory for skipped task 1: axis 1 is out of bounds for array of dimension 1
2026-06-10 15:10:57,489 [der.py] => Learning on 6-12
2026-06-10 15:10:57,844 [der.py] => Skipping training for task 1
2026-06-10 15:10:57,845 [der.py] => [RESUME] skipping rehearsal memory generation for task 1
2026-06-10 15:10:57,913 [der.py] => Learning on 6-12
2026-06-10 15:10:58,269 [der.py] => Skipping training for task 1
2026-06-10 15:10:58,269 [der.py] => [RESUME] skipping rehearsal memory generation for task 1
2026-06-10 15:10:58,297 [der.py] => Learning on 6-12
2026-06-10 15:10:58,637 [der.py] => Skipping training for task 1
2026-06-10 15:10:58,637 [der.py] => [RESUME] skipping rehearsal memory generation for task 1
2026-06-10 15:10:58,670 [der.py] => Learning on 6-12
2026-06-10 15:10:59,009 [der.py] => Skipping training for task 1
2026-06-10 15:10:59,009 [der.py] => [RESUME] skipping rehearsal memory generation for task 1
2026-06-10 15:10:59,071 [der.py] => Learning on 6-12
2026-06-10 15:10:59,414 [der.py] => Skipping training for task 1
2026-06-10 15:10:59,414 [der.py] => [RESUME] skipping rehearsal memory generation for task 1
2026-06-10 15:10:59,476 [der.py] => Learning on 6-12
2026-06-10 15:10:59,811 [der.py] => Skipping training for task 1
2026-06-10 15:10:59,811 [der.py] => [RESUME] skipping rehearsal memory generation for task 1
2026-06-10 15:10:59,863 [der.py] => Learning on 6-12
2026-06-10 15:11:00,198 [der.py] => Skipping training for task 1
2026-06-10 15:11:00,199 [der.py] => [RESUME] skipping rehearsal memory generation for task 1
2026-06-10 15:11:00,224 [der.py] => Learning on 6-12
2026-06-10 15:11:00,565 [der.py] => Skipping training for task 1
2026-06-10 15:11:00,565 [der.py] => [RESUME] skipping rehearsal memory generation for task 1
2026-06-10 15:11:00,586 [der.py] => Learning on 6-12
2026-06-10 15:11:00,927 [der.py] => Skipping training for task 1
2026-06-10 15:11:00,928 [der.py] => [RESUME] skipping rehearsal memory generation for task 1
2026-06-10 15:11:00,935 [der.py] => Learning on 6-12
2026-06-10 15:11:01,275 [der.py] => Skipping training for task 1
2026-06-10 15:11:01,275 [der.py] => [RESUME] skipping rehearsal memory generation for task 1
2026-06-10 15:11:01,277 [trainer.py] => ========== Bắt đầu Task 1 ==========
2026-06-10 15:11:01,277 [trainer.py] => --- Task 1 | Round 1/30 (Global 31) ---
2026-06-10 15:11:01,412 [der.py] => Task 1, Epoch 1/1 => Loss 2.466, Train_accy 84.69
2026-06-10 15:11:05,245 [der.py] => Task 1, Epoch 1/1 => Loss 1.812, Train_accy 47.61
2026-06-10 15:11:05,309 [der.py] => Task 1, Epoch 1/1 => Loss 7.688, Train_accy 0.00
2026-06-10 15:11:08,462 [der.py] => Task 1, Epoch 1/1 => Loss 1.293, Train_accy 70.89
2026-06-10 15:11:39,760 [der.py] => Task 1, Epoch 1/1 => Loss 0.198, Train_accy 96.28
2026-06-10 15:12:29,651 [der.py] => Task 1, Epoch 1/1 => Loss 0.139, Train_accy 96.57
